<?xml version="1.0" encoding="UTF-8"?>
<testsuite name="SolutionTest" tests="9" skipped="0" failures="0" errors="0" timestamp="2022-07-07T03:26:13" hostname="yuanyu-ubuntu" time="0.041">
  <properties/>
  <testcase name="changeDFSExample1()" classname="SolutionTest" time="0.028"/>
  <testcase name="changeDFSExample2()" classname="SolutionTest" time="0.001"/>
  <testcase name="changeDFSExample4()" classname="SolutionTest" time="0.001"/>
  <testcase name="changeV2Example1()" classname="SolutionTest" time="0.001"/>
  <testcase name="changeV2Example2()" classname="SolutionTest" time="0.001"/>
  <testcase name="changeV2Example3()" classname="SolutionTest" time="0.001"/>
  <testcase name="changeExample1()" classname="SolutionTest" time="0.0"/>
  <testcase name="changeExample2()" classname="SolutionTest" time="0.001"/>
  <testcase name="changeExample3()" classname="SolutionTest" time="0.0"/>
  <system-out><![CDATA[]]></system-out>
  <system-err><![CDATA[]]></system-err>
</testsuite>
