<?xml version="1.0" encoding="UTF-8"?>
<testsuite name="SolutionTest" tests="6" skipped="0" failures="0" errors="0" timestamp="2022-07-06T16:03:01" hostname="yuanyu-ubuntu" time="0.042">
  <properties/>
  <testcase name="changeV2Example1()" classname="SolutionTest" time="0.031"/>
  <testcase name="changeV2Example2()" classname="SolutionTest" time="0.001"/>
  <testcase name="changeV2Example3()" classname="SolutionTest" time="0.001"/>
  <testcase name="changeExample1()" classname="SolutionTest" time="0.001"/>
  <testcase name="changeExample2()" classname="SolutionTest" time="0.001"/>
  <testcase name="changeExample3()" classname="SolutionTest" time="0.001"/>
  <system-out><![CDATA[]]></system-out>
  <system-err><![CDATA[]]></system-err>
</testsuite>
